load_tasks INFO 2019-12-09 18:16:45,037 - File is no exist 
load_project INFO 2019-12-09 18:16:45,037 - File is no exist 
load_current_dev INFO 2019-12-09 18:16:45,037 - File is no exist 
load_devs INFO 2019-12-09 18:16:45,037 - File is no exist 
registration INFO 2019-12-09 18:16:45,041 - create Employee: deûv@hn, First name: sdsdc 
save_devs INFO 2019-12-09 18:16:45,042 - Devs saved: {'deûv@hn': <src.dev.Dev object at 0x0000016E2C8E21C8>}
save_current_dev INFO 2019-12-09 18:16:45,042 - login: None
save_projects INFO 2019-12-09 18:16:45,043 - Projects saved: {}
save_tasks INFO 2019-12-09 18:16:45,043 - Tasks saved: {}
load_tasks INFO 2019-12-09 18:32:10,814 - Tasks loaded: {} 
load_project INFO 2019-12-09 18:32:10,814 - Projects loaded: {}
load_current_dev INFO 2019-12-09 18:32:10,815 - Curent developer( None )loaded 
load_devs INFO 2019-12-09 18:32:10,816 - Developers loaded: {'deûv@hn': <src.dev.Dev object at 0x00000196B5855CC8>}
load_tasks INFO 2019-12-09 18:32:12,739 - Tasks loaded: {} 
load_project INFO 2019-12-09 18:32:12,739 - Projects loaded: {}
load_current_dev INFO 2019-12-09 18:32:12,740 - Curent developer( None )loaded 
load_devs INFO 2019-12-09 18:32:12,740 - Developers loaded: {'deûv@hn': <src.dev.Dev object at 0x000001D1EC512408>}
registration INFO 2019-12-09 18:32:12,742 - create Employee: dev@hn, First name: sdsdc 
save_devs INFO 2019-12-09 18:32:12,744 - Devs saved: {'deûv@hn': <src.dev.Dev object at 0x000001D1EC512408>, 'dev@hn': <src.dev.Dev object at 0x000001D1EC52C208>}
save_current_dev INFO 2019-12-09 18:32:12,744 - login: None
save_projects INFO 2019-12-09 18:32:12,744 - Projects saved: {}
save_tasks INFO 2019-12-09 18:32:12,745 - Tasks saved: {}
load_tasks INFO 2019-12-09 18:36:22,336 - Tasks loaded: {} 
load_project INFO 2019-12-09 18:36:22,336 - Projects loaded: {}
load_current_dev INFO 2019-12-09 18:36:22,336 - Curent developer( None )loaded 
load_devs INFO 2019-12-09 18:36:22,337 - Developers loaded: {'dev@hn': <src.dev.Dev object at 0x0000020CC4246E88>, 'deûv@hn': <src.dev.Dev object at 0x0000020CC4246F08>}
save_devs INFO 2019-12-09 18:36:22,341 - Devs saved: {'dev@hn': <src.dev.Dev object at 0x0000020CC4246E88>, 'deûv@hn': <src.dev.Dev object at 0x0000020CC4246F08>}
save_current_dev INFO 2019-12-09 18:36:22,341 - login: None
save_projects INFO 2019-12-09 18:36:22,342 - Projects saved: {}
save_tasks INFO 2019-12-09 18:36:22,342 - Tasks saved: {'4f68c5224d': <src.task.Task object at 0x0000020CC42689C8>}
load_tasks INFO 2019-12-09 18:38:53,771 - Tasks loaded: {'4f68c5224d': <src.task.Task object at 0x000001AEA3198E88>} 
load_project INFO 2019-12-09 18:38:53,772 - Projects loaded: {}
load_current_dev INFO 2019-12-09 18:38:53,772 - Curent developer( None )loaded 
load_devs INFO 2019-12-09 18:38:53,773 - Developers loaded: {'dev@hn': <src.dev.Dev object at 0x000001AEA31A0DC8>, 'deûv@hn': <src.dev.Dev object at 0x000001AEA31A0F88>}
load_tasks INFO 2019-12-09 18:42:28,693 - Tasks loaded: {'4f68c5224d': <src.task.Task object at 0x0000021D55117F48>} 
load_project INFO 2019-12-09 18:42:28,693 - Projects loaded: {}
load_current_dev INFO 2019-12-09 18:42:28,694 - Curent developer( None )loaded 
load_devs INFO 2019-12-09 18:42:28,695 - Developers loaded: {'dev@hn': <src.dev.Dev object at 0x0000021D55120E08>, 'deûv@hn': <src.dev.Dev object at 0x0000021D55120FC8>}
load_tasks INFO 2019-12-09 18:42:31,698 - Tasks loaded: {'4f68c5224d': <src.task.Task object at 0x0000016762828F48>} 
load_project INFO 2019-12-09 18:42:31,698 - Projects loaded: {}
load_current_dev INFO 2019-12-09 18:42:31,699 - Curent developer( None )loaded 
load_devs INFO 2019-12-09 18:42:31,699 - Developers loaded: {'dev@hn': <src.dev.Dev object at 0x0000016762830E08>, 'deûv@hn': <src.dev.Dev object at 0x0000016762830FC8>}
save_devs INFO 2019-12-09 18:42:31,703 - Devs saved: {'dev@hn': <src.dev.Dev object at 0x0000016762830E08>, 'deûv@hn': <src.dev.Dev object at 0x0000016762830FC8>}
save_current_dev INFO 2019-12-09 18:42:31,703 - login: None
save_projects INFO 2019-12-09 18:42:31,703 - Projects saved: {}
save_tasks INFO 2019-12-09 18:42:31,704 - Tasks saved: {'4f68c5224d': <src.task.Task object at 0x000001676284D6C8>}
load_tasks INFO 2019-12-09 18:43:09,547 - Tasks loaded: {'4f68c5224d': <src.task.Task object at 0x00000138A9C89E88>} 
load_project INFO 2019-12-09 18:43:09,548 - Projects loaded: {}
load_current_dev INFO 2019-12-09 18:43:09,548 - Curent developer( None )loaded 
load_devs INFO 2019-12-09 18:43:09,549 - Developers loaded: {'dev@hn': <src.dev.Dev object at 0x00000138A9C90DC8>, 'deûv@hn': <src.dev.Dev object at 0x00000138A9C90F88>}
load_tasks INFO 2019-12-09 18:43:14,652 - Tasks loaded: {'4f68c5224d': <src.task.Task object at 0x000002565D999D48>} 
load_project INFO 2019-12-09 18:43:14,653 - Projects loaded: {}
load_current_dev INFO 2019-12-09 18:43:14,653 - Curent developer( None )loaded 
load_devs INFO 2019-12-09 18:43:14,654 - Developers loaded: {'dev@hn': <src.dev.Dev object at 0x000002565D9A0C48>, 'deûv@hn': <src.dev.Dev object at 0x000002565D9A0E08>}
load_tasks INFO 2019-12-09 18:43:52,995 - Tasks loaded: {'4f68c5224d': <src.task.Task object at 0x000001EA3CD89E48>} 
load_project INFO 2019-12-09 18:43:52,995 - Projects loaded: {}
load_current_dev INFO 2019-12-09 18:43:52,995 - Curent developer( None )loaded 
load_devs INFO 2019-12-09 18:43:52,996 - Developers loaded: {'dev@hn': <src.dev.Dev object at 0x000001EA3CD90D48>, 'deûv@hn': <src.dev.Dev object at 0x000001EA3CD90F08>}
load_tasks INFO 2019-12-09 18:45:44,460 - Tasks loaded: {'4f68c5224d': <src.task.Task object at 0x000001DDAC2B8EC8>} 
load_project INFO 2019-12-09 18:45:44,460 - Projects loaded: {}
load_current_dev INFO 2019-12-09 18:45:44,460 - Curent developer( None )loaded 
load_devs INFO 2019-12-09 18:45:44,461 - Developers loaded: {'dev@hn': <src.dev.Dev object at 0x000001DDAC2C0DC8>, 'deûv@hn': <src.dev.Dev object at 0x000001DDAC2C0F88>}
load_tasks INFO 2019-12-09 18:46:55,619 - Tasks loaded: {'4f68c5224d': <src.task.Task object at 0x000001DDBF106A08>} 
load_project INFO 2019-12-09 18:46:55,620 - Projects loaded: {}
load_current_dev INFO 2019-12-09 18:46:55,620 - Curent developer( None )loaded 
load_devs INFO 2019-12-09 18:46:55,621 - Developers loaded: {'dev@hn': <src.dev.Dev object at 0x000001DDBF10E508>, 'deûv@hn': <src.dev.Dev object at 0x000001DDBF10EAC8>}
load_tasks INFO 2019-12-09 18:53:35,344 - Tasks loaded: {'4f68c5224d': <src.task.Task object at 0x000001E4A46C9D08>} 
load_project INFO 2019-12-09 18:53:35,345 - Projects loaded: {}
load_current_dev INFO 2019-12-09 18:53:35,345 - Curent developer( None )loaded 
load_devs INFO 2019-12-09 18:53:35,346 - Developers loaded: {'dev@hn': <src.dev.Dev object at 0x000001E4A46D0C08>, 'deûv@hn': <src.dev.Dev object at 0x000001E4A46D0DC8>}
load_tasks INFO 2019-12-09 18:53:51,761 - Tasks loaded: {'4f68c5224d': <src.task.Task object at 0x00000147B5166908>} 
load_project INFO 2019-12-09 18:53:51,762 - Projects loaded: {}
load_current_dev INFO 2019-12-09 18:53:51,762 - Curent developer( None )loaded 
load_devs INFO 2019-12-09 18:53:51,764 - Developers loaded: {'dev@hn': <src.dev.Dev object at 0x00000147B5170448>, 'deûv@hn': <src.dev.Dev object at 0x00000147B5170A08>}
load_tasks INFO 2019-12-09 18:54:07,932 - Tasks loaded: {'4f68c5224d': <src.task.Task object at 0x000002871A339E48>} 
load_project INFO 2019-12-09 18:54:07,932 - Projects loaded: {}
load_current_dev INFO 2019-12-09 18:54:07,932 - Curent developer( None )loaded 
load_devs INFO 2019-12-09 18:54:07,933 - Developers loaded: {'dev@hn': <src.dev.Dev object at 0x000002871A340E08>, 'deûv@hn': <src.dev.Dev object at 0x000002871A340FC8>}
load_tasks INFO 2019-12-09 18:54:25,781 - Tasks loaded: {'4f68c5224d': <src.task.Task object at 0x000002135FAE9E88>} 
load_project INFO 2019-12-09 18:54:25,781 - Projects loaded: {}
load_current_dev INFO 2019-12-09 18:54:25,781 - Curent developer( None )loaded 
load_devs INFO 2019-12-09 18:54:25,782 - Developers loaded: {'dev@hn': <src.dev.Dev object at 0x000002135FAF0DC8>, 'deûv@hn': <src.dev.Dev object at 0x000002135FAF0F88>}
save_devs INFO 2019-12-09 18:54:25,786 - Devs saved: {'dev@hn': <src.dev.Dev object at 0x000002135FAF0DC8>, 'deûv@hn': <src.dev.Dev object at 0x000002135FAF0F88>}
save_current_dev INFO 2019-12-09 18:54:25,786 - login: None
save_projects INFO 2019-12-09 18:54:25,786 - Projects saved: {}
save_tasks INFO 2019-12-09 18:54:25,787 - Tasks saved: {'4f68c5224d': <src.task.Task object at 0x000002135FAE9E88>, '2d8962e5e1': <src.task.Task object at 0x000002135FB0D6C8>}
load_tasks INFO 2019-12-09 19:45:18,910 - Tasks loaded: {'2d8962e5e1': <src.task.Task object at 0x0000020F60428D88>, '4f68c5224d': <src.task.Task object at 0x0000020F60428E08>} 
load_project INFO 2019-12-09 19:45:18,910 - Projects loaded: {}
load_current_dev INFO 2019-12-09 19:45:18,910 - Curent developer( None )loaded 
load_devs INFO 2019-12-09 19:45:18,911 - Developers loaded: {'dev@hn': <src.dev.Dev object at 0x0000020F6042F988>, 'deûv@hn': <src.dev.Dev object at 0x0000020F6042FA48>}
save_devs INFO 2019-12-09 19:45:18,915 - Devs saved: {'dev@hn': <src.dev.Dev object at 0x0000020F6042F988>, 'deûv@hn': <src.dev.Dev object at 0x0000020F6042FA48>}
save_current_dev INFO 2019-12-09 19:45:18,916 - login: None
load_tasks INFO 2019-12-09 19:45:31,323 - Tasks loaded: {'2d8962e5e1': <src.task.Task object at 0x0000029C413E8CC8>, '4f68c5224d': <src.task.Task object at 0x0000029C413E8D48>} 
load_project INFO 2019-12-09 19:45:31,323 - Projects loaded: {}
load_current_dev INFO 2019-12-09 19:45:31,323 - Curent developer( None )loaded 
load_devs INFO 2019-12-09 19:45:31,325 - Developers loaded: {'dev@hn': <src.dev.Dev object at 0x0000029C413EF8C8>, 'deûv@hn': <src.dev.Dev object at 0x0000029C413EF988>}
save_devs INFO 2019-12-09 19:45:31,329 - Devs saved: {'dev@hn': <src.dev.Dev object at 0x0000029C413EF8C8>, 'deûv@hn': <src.dev.Dev object at 0x0000029C413EF988>}
save_current_dev INFO 2019-12-09 19:45:31,330 - login: None
save_projects INFO 2019-12-09 19:45:31,330 - Projects saved: {}
load_tasks INFO 2019-12-09 19:45:44,249 - Tasks loaded: {'2d8962e5e1': <src.task.Task object at 0x000001252D666E08>, '4f68c5224d': <src.task.Task object at 0x000001252D666E88>} 
load_project INFO 2019-12-09 19:45:44,249 - Projects loaded: projects.json
load_current_dev INFO 2019-12-09 19:45:44,249 - Curent developer( None )loaded 
load_devs INFO 2019-12-09 19:45:44,250 - Developers loaded: {'dev@hn': <src.dev.Dev object at 0x000001252D66FA48>, 'deûv@hn': <src.dev.Dev object at 0x000001252D66FB08>}
load_tasks INFO 2019-12-09 19:46:29,378 - Tasks loaded: {'2d8962e5e1': <src.task.Task object at 0x0000018471898D88>, '4f68c5224d': <src.task.Task object at 0x0000018471898E08>} 
load_project INFO 2019-12-09 19:46:29,378 - Projects loaded: projects.json
load_current_dev INFO 2019-12-09 19:46:29,378 - Curent developer( None )loaded 
load_devs INFO 2019-12-09 19:46:29,379 - Developers loaded: {'dev@hn': <src.dev.Dev object at 0x000001847189F948>, 'deûv@hn': <src.dev.Dev object at 0x000001847189FA08>}
save_devs INFO 2019-12-09 19:46:29,382 - Devs saved: {'dev@hn': <src.dev.Dev object at 0x000001847189F948>, 'deûv@hn': <src.dev.Dev object at 0x000001847189FA08>}
save_current_dev INFO 2019-12-09 19:46:29,383 - login: None
save_projects INFO 2019-12-09 19:46:29,383 - Projects saved: projects.json
save_tasks INFO 2019-12-09 19:46:29,384 - Tasks saved: {'2d8962e5e1': <src.task.Task object at 0x00000184718B9FC8>, '4f68c5224d': <src.task.Task object at 0x0000018471898E08>}
